Search results will be written to /server/var/www/web_pconsc3/proj/pred/static/tmp/tmp_M3G3jO/rst_DHr0AU/query_15633.hhr
Reading in 8290068 column state sequences with a total of 1874100330 residues

Iteration 1
Prefiltering database
...................................................................................
HMMs passed 1st prefilter (gapless profile-profile alignment)  : 158387
HMMs passed 2nd prefilter (gapped profile-profile alignment)   :    132
HMMs passed 2nd prefilter and not found in previous iterations :    132
Scoring 132 HMMs using HMM-HMM Viterbi alignment
......
Realigning 102 HMMs using HMM-HMM Maximum Accuracy algorithm
..........
Merging hits to query profile
8 sequences belonging to 8 database HMMs found with an E-value < 1           
Number of effective sequences of resulting query HMM: Neff = 3.18

Iteration 2
Prefiltering database
...................................................................................
HMMs passed 1st prefilter (gapless profile-profile alignment)  : 187740
HMMs passed 2nd prefilter (gapped profile-profile alignment)   :    151
HMMs passed 2nd prefilter and not found in previous iterations :    151
Scoring 151 HMMs using HMM-HMM Viterbi alignment
.......
Realigning 127 HMMs using HMM-HMM Maximum Accuracy algorithm
............
Merging hits to query profile
14 sequences belonging to 14 database HMMs found with an E-value < 1           
Number of effective sequences of resulting query HMM: Neff = 3.31

Iteration 3
Prefiltering database
...................................................................................
HMMs passed 1st prefilter (gapless profile-profile alignment)  : 188872
HMMs passed 2nd prefilter (gapped profile-profile alignment)   :    158
HMMs passed 2nd prefilter and not found in previous iterations :    158
Scoring 158 HMMs using HMM-HMM Viterbi alignment
.......
Realigning 132 HMMs using HMM-HMM Maximum Accuracy algorithm
.............
Merging hits to query profile
19 sequences belonging to 19 database HMMs found with an E-value < 1           
Number of effective sequences of resulting query HMM: Neff = 3.85

Iteration 4
Prefiltering database
...................................................................................
HMMs passed 1st prefilter (gapless profile-profile alignment)  : 198177
HMMs passed 2nd prefilter (gapped profile-profile alignment)   :    200
HMMs passed 2nd prefilter and not found in previous iterations :    200
Scoring 200 HMMs using HMM-HMM Viterbi alignment
..........
Realigning 148 HMMs using HMM-HMM Maximum Accuracy algorithm
..............
Merging hits to query profile
67 sequences belonging to 67 database HMMs found with an E-value < 1           
Number of effective sequences of resulting query HMM: Neff = 4.40

Iteration 5
Prefiltering database
...................................................................................
HMMs passed 1st prefilter (gapless profile-profile alignment)  : 203403
HMMs passed 2nd prefilter (gapped profile-profile alignment)   :    311
HMMs passed 2nd prefilter and not found in previous iterations :    311
Scoring 311 HMMs using HMM-HMM Viterbi alignment
...............
Rescoring previously found HMMs with Viterbi algorithm
...
Realigning 244 HMMs using HMM-HMM Maximum Accuracy algorithm
..............................
Merging hits to query profile
167 sequences belonging to 167 database HMMs found with an E-value < 1           
Number of effective sequences of resulting query HMM: Neff = 5.61

Query         example Small but realistic example
Match_columns 126
No_of_seqs    972 out of 1098
Neff          4.4 
Searched_HMMs 378
Date          Mon Sep 12 23:16:55 2016
Command       /server/var/www/web_pconsc3/proj/pred/app/soft/pconsc3/dependencies/hhsuite-2.0.16-linux-x86_64/bin/hhblits -n 5 -all -oa3m /server/var/www/web_pconsc3/proj/pred/static/tmp/tmp_M3G3jO/rst_DHr0AU/query_15633.fa.hhE0.a3m -maxfilt 999999 -realign_max 999999 -e 1 -i /server/var/www/web_pconsc3/proj/pred/static/tmp/tmp_M3G3jO/rst_DHr0AU/query_15633.fa -cpu 8 -d /server/var/www/web_pconsc3/proj/pred/app/soft/pconsc3/databases/uniprot20_2016_02/uniprot20_2016_02 

 No Hit                             Prob E-value P-value  Score    SS Cols Query HMM  Template HMM
  1 tr|A0A0K9GFP3|A0A0K9GFP3_9BACI 100.0   6E-54 3.5E-59  325.8   0.0  122    3-125     4-137 (137)
  2 tr|A0A0K9GFP3|A0A0K9GFP3_9BACI 100.0   6E-54 3.5E-59  325.8   0.0  122    3-125     4-137 (137)
  3 tr|S7SPZ6|S7SPZ6_9BACI Unchara 100.0 1.4E-46 6.8E-52  287.4   0.0  126    1-126    30-155 (155)
  4 tr|S7SPZ6|S7SPZ6_9BACI Unchara 100.0   2E-46   1E-51  287.4   0.0  126    1-126    30-155 (155)
  5 tr|A0A0Q9YA44|A0A0Q9YA44_9COXI  99.5 7.5E-18 4.8E-23  122.5   0.0   61   55-122     6-70  (90)
  6 tr|A0A0Q9YA44|A0A0Q9YA44_9COXI  99.5 7.5E-18 4.8E-23  122.5   0.0   61   55-122     6-70  (90)
  7 tr|A0A0C9PA70|A0A0C9PA70_9BACT  99.5 1.3E-17 9.7E-23  121.8   0.0   68   48-122     4-75  (97)
  8 tr|A0A0C9PA70|A0A0C9PA70_9BACT  99.5 1.3E-17 9.7E-23  121.8   0.0   68   48-122     4-75  (97)
  9 tr|I2K509|I2K509_9PROT UPF0235  99.5 3.4E-17   2E-22  120.6   0.0   69   48-122     3-75  (97)
 10 tr|I2K509|I2K509_9PROT UPF0235  99.5 3.3E-17 2.1E-22  120.6   0.0   69   48-122     3-75  (97)
 11 tr|B7XIX9|B7XIX9_ENTBH Hypothe  99.5 4.9E-17 2.8E-22  118.0   0.0   61   54-121    15-79  (88)
 12 tr|B7XIX9|B7XIX9_ENTBH Hypothe  99.5 4.6E-17 2.9E-22  118.0   0.0   61   54-121    15-79  (88)
 13 tr|E8N605|E8N605_ANATU UPF0235  99.5 6.4E-17 4.5E-22  120.0   0.0   61   55-121    17-81  (105)
 14 tr|E8N605|E8N605_ANATU UPF0235  99.5 6.4E-17 4.5E-22  120.0   0.0   61   55-121    17-81  (105)
 15 tr|H1KXH0|H1KXH0_9EURY UPF0235  99.4 1.2E-16 8.3E-22  117.9   0.0   63   55-122    13-76  (100)
 16 tr|H1KXH0|H1KXH0_9EURY UPF0235  99.4 1.2E-16 8.3E-22  117.9   0.0   63   55-122    13-76  (100)
 17 tr|D9SC46|D9SC46_GALCS UPF0235  99.4 1.6E-16 9.5E-22  118.4   0.0   65   51-122    15-83  (104)
 18 tr|D9SC46|D9SC46_GALCS UPF0235  99.4 1.6E-16 9.5E-22  118.4   0.0   65   51-122    15-83  (104)
 19 tr|A0A062XZV4|A0A062XZV4_9BACT  99.4 7.3E-16 4.3E-21  116.7   0.0   61   55-122    28-92  (115)
 20 tr|A0A062XZV4|A0A062XZV4_9BACT  99.4 6.7E-16 4.4E-21  116.7   0.0   61   55-122    28-92  (115)
 21 tr|I3E590|I3E590_BACMT Unchara  99.3 1.9E-15 8.7E-21   99.3   0.0   48   79-126     3-50  (52)
 22 tr|I3E590|I3E590_BACMT Unchara  99.3 1.9E-15 8.7E-21   99.3   0.0   48   79-126     3-50  (52)
 23 tr|R7B5F6|R7B5F6_9ACTN UPF0235  99.3 1.8E-15   1E-20  111.8   0.0   63   55-122     6-74  (97)
 24 tr|R7B5F6|R7B5F6_9ACTN UPF0235  99.3 1.8E-15 1.1E-20  111.8   0.0   63   55-122     6-74  (97)
 25 tr|B9JCH8|B9JCH8_AGRRK UPF0235  99.3 3.2E-15 2.3E-20  110.9   0.0   71   47-122     4-81  (104)
 26 tr|B9JCH8|B9JCH8_AGRRK UPF0235  99.3 3.2E-15 2.3E-20  110.9   0.0   71   47-122     4-81  (104)
 27 tr|A1WVL2|A1WVL2_HALHL UPF0235  99.3 4.1E-15 2.3E-20  110.5   0.0   63   53-123    11-77  (101)
 28 tr|A1WVL2|A1WVL2_HALHL UPF0235  99.3 4.2E-15 2.5E-20  110.5   0.0   63   53-123    11-77  (101)
 29 sp|Q54UW1|U235_DICDI UPF0235 p  99.2 2.1E-14 1.1E-19  110.2   0.0   60   55-121    32-95  (124)
 30 sp|Q54UW1|U235_DICDI UPF0235 p  99.2 2.1E-14 1.3E-19  110.2   0.0   60   55-121    32-95  (124)
 31 tr|A0A068NKN3|A0A068NKN3_9BACT  99.2 2.8E-14 1.7E-19  103.6   0.0   60   55-122     4-67  (86)
 32 tr|A0A068NKN3|A0A068NKN3_9BACT  99.2 2.8E-14 1.7E-19  103.6   0.0   60   55-122     4-67  (86)
 33 tr|C5A7F6|C5A7F6_THEGJ UPF0235  99.2 3.8E-14 1.9E-19  108.1   0.0   67   50-121    35-104 (124)
 34 tr|C5A7F6|C5A7F6_THEGJ UPF0235  99.2 4.2E-14 2.1E-19  108.1   0.0   67   50-121    35-104 (124)
 35 tr|U2WQU7|U2WQU7_GEOKU Unchara  99.2 5.7E-14 2.5E-19   94.3   0.0   50   77-126     9-58  (58)
 36 tr|U2WQU7|U2WQU7_GEOKU Unchara  99.2 5.7E-14 2.5E-19   94.3   0.0   50   77-126     9-58  (58)
 37 tr|A0A0P1NWU2|A0A0P1NWU2_9BACT  99.2 4.8E-14 3.4E-19   98.8   0.0   61   55-122     1-65  (72)
 38 tr|A0A0P1NWU2|A0A0P1NWU2_9BACT  99.2 4.8E-14 3.4E-19   98.8   0.0   61   55-122     1-65  (72)
 39 tr|C8X3F1|C8X3F1_DESRD UPF0235  99.1 1.4E-13 9.2E-19  103.0   0.0   61   55-122    22-86  (105)
 40 tr|C8X3F1|C8X3F1_DESRD UPF0235  99.1 1.6E-13 9.3E-19  103.0   0.0   61   55-122    22-86  (105)
 41 tr|A0A0R3PT07|A0A0R3PT07_ANGCS  98.9 3.4E-12 2.4E-17   95.5   0.0   60   55-121    16-79  (106)
 42 tr|A0A0R3PT07|A0A0R3PT07_ANGCS  98.9 4.3E-12 2.6E-17   95.5   0.0   60   55-121    16-79  (106)
 43 tr|A0A0B5HS69|A0A0B5HS69_9ARCH  98.8   1E-11 5.1E-17   89.2   0.0   62   55-121     9-71  (79)
 44 tr|A0A0B5HS69|A0A0B5HS69_9ARCH  98.8 1.1E-11 5.5E-17   89.2   0.0   62   55-121     9-71  (79)
 45 tr|I7I8F9|I7I8F9_LEGPN Unchara  98.8 1.3E-11 6.4E-17   86.9   0.0   59   48-113     8-70  (70)
 46 tr|F4NZ69|F4NZ69_BATDJ Putativ  98.8 1.3E-11 7.3E-17   95.7   0.0   72   44-122    25-103 (128)
 47 tr|F4NZ69|F4NZ69_BATDJ Putativ  98.8 1.3E-11 7.8E-17   95.7   0.0   72   44-122    25-103 (128)
 48 tr|D6SLV8|D6SLV8_9DELT UPF0235  98.8 1.7E-11 9.4E-17   94.1   0.0   75   40-121    17-97  (119)
 49 tr|A0A0G0JUP6|A0A0G0JUP6_9BACT  98.7 5.4E-11 3.1E-16   85.7   0.0   60   55-121     2-65  (78)
 50 tr|A0A0J6DJ66|A0A0J6DJ66_9CELL  98.7 6.8E-11 3.9E-16   87.0   0.0   60   56-122     2-65  (89)
 51 tr|F9ZIB0|F9ZIB0_9PROT UPF0235  98.6 1.9E-10 9.3E-16   87.5   0.0   62   55-123    15-80  (113)
 52 tr|E3I450|E3I450_RHOVT UPF0235  98.6   2E-10 1.1E-15   88.7   0.0   63   55-122    22-90  (123)
 53 tr|E3I450|E3I450_RHOVT UPF0235  98.6 2.1E-10 1.2E-15   88.7   0.0   63   55-122    22-90  (123)
 54 tr|L7FPZ1|L7FPZ1_ENTIV Unchara  98.5   5E-10 2.5E-15   86.9   0.0   74   42-122    32-110 (129)
 55 tr|K5YYF5|K5YYF5_9PROT UPF0235  98.5 7.8E-10 3.8E-15   84.4   0.0   71   45-122     9-101 (116)
 56 tr|J8VRH9|J8VRH9_9SPHN UPF0235  98.4 7.9E-10 4.1E-15   85.1   0.0   61   55-122    22-87  (119)
 57 tr|K5YYF5|K5YYF5_9PROT UPF0235  98.4 8.4E-10 4.2E-15   84.4   0.0   71   45-122     9-101 (116)
 58 tr|J8VRH9|J8VRH9_9SPHN UPF0235  98.4 8.3E-10 4.5E-15   85.1   0.0   61   55-122    22-87  (119)
 59 tr|V4RAM3|V4RAM3_9CAUL Unchara  98.4 1.2E-09 6.4E-15   74.5   0.0   35   82-121     1-39  (56)
 60 tr|V4RAM3|V4RAM3_9CAUL Unchara  98.4 1.3E-09 6.9E-15   74.5   0.0   35   82-121     1-39  (56)
 61 tr|A0A0J9AXF7|A0A0J9AXF7_ENCCN  98.3 2.6E-09 1.2E-14   80.0   0.0   67   48-121     4-74  (100)
 62 tr|A0A0G1TXR3|A0A0G1TXR3_9BACT  98.3   2E-09 1.3E-14   77.3   0.0   60   55-121     1-64  (76)
 63 tr|A0A0J9AXF7|A0A0J9AXF7_ENCCN  98.3 2.7E-09 1.3E-14   80.0   0.0   67   48-121     4-74  (100)
 64 tr|U1SMV9|U1SMV9_PSEME UPF0235  98.3 4.7E-09 2.1E-14   82.0   0.0   60   55-121    16-79  (144)
 65 tr|U1SMV9|U1SMV9_PSEME UPF0235  98.3 4.7E-09 2.1E-14   82.0   0.0   60   55-121    16-79  (144)
 66 tr|D0KYA0|D0KYA0_HALNC UPF0235  98.3 5.9E-09 2.6E-14   79.7   0.0   64   52-122    14-81  (122)
 67 tr|D0KYA0|D0KYA0_HALNC UPF0235  98.3 5.9E-09 2.6E-14   79.7   0.0   64   52-122    14-81  (122)
 68 tr|X1BVY2|X1BVY2_9ZZZZ Unchara  98.1 1.6E-08 7.1E-14   74.8   0.0   60   55-121     6-69  (96)
 69 tr|X1BVY2|X1BVY2_9ZZZZ Unchara  98.1 1.6E-08 7.1E-14   74.8   0.0   60   55-121     6-69  (96)
 70 tr|A0A0C9VAA3|A0A0C9VAA3_9HOMO  98.1 2.2E-08 1.3E-13   77.8   0.0   60   55-121    31-94  (122)
 71 tr|A0A0B1P376|A0A0B1P376_UNCNE  98.1 2.3E-08 1.4E-13   77.6   0.0   60   55-121    23-88  (121)
 72 tr|K7YKC8|K7YKC8_BDEBC UPF0235  98.0 4.2E-08 1.9E-13   69.5   0.0   41   77-122     5-49  (72)
 73 tr|K7YKC8|K7YKC8_BDEBC UPF0235  98.0 4.2E-08 1.9E-13   69.5   0.0   41   77-122     5-49  (72)
 74 tr|Q9RF95|Q9RF95_HAEDC Putativ  98.0 4.2E-08   2E-13   68.3   0.0   37   80-121     1-41  (62)
 75 tr|Q9RF95|Q9RF95_HAEDC Putativ  98.0 4.4E-08 2.1E-13   68.3   0.0   37   80-121     1-41  (62)
 76 tr|X1JVA1|X1JVA1_9ZZZZ Unchara  97.9 6.7E-08 3.3E-13   68.7   0.0   39   78-121     4-46  (69)
 77 tr|X1JVA1|X1JVA1_9ZZZZ Unchara  97.9 6.9E-08 3.5E-13   68.7   0.0   39   78-121     4-46  (69)
 78 tr|T1JKV8|T1JKV8_STRMM Unchara  97.9 7.3E-08 4.2E-13   75.7   0.0   51   55-112    51-102 (129)
 79 tr|A0A0M3JZT2|A0A0M3JZT2_ANISI  97.9   1E-07 5.6E-13   77.4   0.0   60   55-121    73-136 (164)
 80 tr|M5DF15|M5DF15_9PROT UPF0235  97.9 1.4E-07 6.4E-13   72.8   0.0   60   55-121    35-98  (124)
 81 tr|I3E584|I3E584_BACMT Unchara  97.8 2.1E-07 9.2E-13   65.0   0.0   30    3-32      4-36  (65)
 82 tr|I3E584|I3E584_BACMT Unchara  97.8 2.1E-07 9.2E-13   65.0   0.0   30    3-32      4-36  (65)
 83 tr|E1ZU02|E1ZU02_CHLVA Putativ  97.8 1.8E-07 9.8E-13   73.4   0.0   71   43-121    28-105 (127)
 84 tr|A5VAA7|A5VAA7_SPHWW Unchara  97.8 2.2E-07   1E-12   66.7   0.0   41   77-122     8-52  (74)
 85 tr|A5VAA7|A5VAA7_SPHWW Unchara  97.8 2.3E-07 1.1E-12   66.7   0.0   41   77-122     8-52  (74)
 86 tr|G8SB98|G8SB98_ACTS5 UPF0235  97.8 2.2E-07 1.2E-12   69.7   0.0   62   55-121     2-69  (94)
 87 tr|X6LU11|X6LU11_RETFI Unchara  97.7   5E-07 2.2E-12   74.2   0.0   63   55-122   114-180 (201)
 88 tr|X6LU11|X6LU11_RETFI Unchara  97.7   5E-07 2.2E-12   74.2   0.0   63   55-122   114-180 (201)
 89 tr|A0A0D6L664|A0A0D6L664_9BILA  97.6 6.3E-07 3.2E-12   65.8   0.0   58   55-119    16-77  (82)
 90 tr|A0A0Q4D1Y8|A0A0Q4D1Y8_9SPHN  97.6 7.8E-07 3.5E-12   69.3   0.0   71   47-122    28-105 (131)
 91 sp|B0BC23|Y641_CHLTB UPF0235 p  97.6 7.7E-07 3.5E-12   68.3   0.0   58   57-121    23-84  (115)
 92 sp|B0BC23|Y641_CHLTB UPF0235 p  97.6 7.9E-07 3.6E-12   68.3   0.0   58   57-121    23-84  (115)
 93 tr|G3MHV1|G3MHV1_9ACAR Putativ  97.6 8.9E-07   4E-12   69.4   0.0   67   48-121    13-83  (137)
 94 tr|W6QIP7|W6QIP7_PENRO Unchara  97.5 8.3E-07 4.9E-12   69.8   0.0   60   55-121    24-89  (126)
 95 tr|A0A0F7UQB7|A0A0F7UQB7_NEOCL  97.5 1.4E-06 6.3E-12   71.6   0.0   74   43-121    84-163 (191)
 96 tr|A0A0F7UQB7|A0A0F7UQB7_NEOCL  97.5 1.4E-06 6.5E-12   71.6   0.0   74   43-121    84-163 (191)
 97 tr|A0A0B3ASM8|A0A0B3ASM8_9ARCH  97.5 1.9E-06 8.6E-12   65.6   0.0   62   55-121    40-102 (110)
 98 tr|A0A0B3ASM8|A0A0B3ASM8_9ARCH  97.5 1.9E-06 8.6E-12   65.6   0.0   62   55-121    40-102 (110)
 99 tr|Q253K7|Q253K7_CHLFF Unchara  97.4   2E-06 9.1E-12   60.3   0.0   37   80-121     2-42  (65)
100 tr|Q253K7|Q253K7_CHLFF Unchara  97.4   2E-06 9.1E-12   60.3   0.0   37   80-121     2-42  (65)

Writing A3M alignment to /server/var/www/web_pconsc3/proj/pred/static/tmp/tmp_M3G3jO/rst_DHr0AU/query_15633.fa.hhE0.a3m
Done
